"" 

Sat Jul 20 2024 13:31:13:296 GMT+0530 (India Standard Time) -- Starting configuration console on http://localhost:45454
Sat Jul 20 2024 13:31:13:362 GMT+0530 (India Standard Time) -- [SUCCESS] You can now access your local server(s) in our remote browser

Sat Jul 20 2024 13:31:16:227 GMT+0530 (India Standard Time) -- Press Ctrl-C to exit



Sat Jul 20 2024 13:33:55:628 GMT+0530 (India Standard Time) -- [SUCCESS] You can now access your local server(s) in our remote browser

Sat Jul 20 2024 13:33:56:153 GMT+0530 (India Standard Time) -- Starting configuration console on http://localhost:45454
Sat Jul 20 2024 13:33:57:413 GMT+0530 (India Standard Time) -- Press Ctrl-C to exit



Sat Jul 20 2024 13:36:30:234 GMT+0530 (India Standard Time) -- [SUCCESS] You can now access your local server(s) in our remote browser

Sat Jul 20 2024 13:36:30:800 GMT+0530 (India Standard Time) -- Starting configuration console on http://localhost:45454
Sat Jul 20 2024 13:36:32:291 GMT+0530 (India Standard Time) -- Press Ctrl-C to exit



Sat Jul 20 2024 13:44:22:623 GMT+0530 (India Standard Time) -- Starting configuration console on http://localhost:45454
Sat Jul 20 2024 13:44:22:657 GMT+0530 (India Standard Time) -- [SUCCESS] You can now access your local server(s) in our remote browser

Sat Jul 20 2024 13:44:25:464 GMT+0530 (India Standard Time) -- Press Ctrl-C to exit



Sat Jul 20 2024 13:48:05:797 GMT+0530 (India Standard Time) -- [SUCCESS] You can now access your local server(s) in our remote browser

Sat Jul 20 2024 13:48:06:382 GMT+0530 (India Standard Time) -- Starting configuration console on http://localhost:45454
Sat Jul 20 2024 13:48:06:468 GMT+0530 (India Standard Time) -- Press Ctrl-C to exit



Sat Jul 20 2024 13:53:45:197 GMT+0530 (India Standard Time) -- Starting configuration console on http://localhost:45454
Sat Jul 20 2024 13:53:45:250 GMT+0530 (India Standard Time) -- [SUCCESS] You can now access your local server(s) in our remote browser

Sat Jul 20 2024 13:53:47:901 GMT+0530 (India Standard Time) -- Press Ctrl-C to exit



Sat Jul 20 2024 13:59:06:564 GMT+0530 (India Standard Time) -- Starting configuration console on http://localhost:45454
Sat Jul 20 2024 13:59:07:97 GMT+0530 (India Standard Time) -- [SUCCESS] You can now access your local server(s) in our remote browser

Sat Jul 20 2024 13:59:09:687 GMT+0530 (India Standard Time) -- Press Ctrl-C to exit



Sat Jul 20 2024 14:01:58:9 GMT+0530 (India Standard Time) -- Starting configuration console on http://localhost:45454
Sat Jul 20 2024 14:02:00:90 GMT+0530 (India Standard Time) -- [SUCCESS] You can now access your local server(s) in our remote browser

Sat Jul 20 2024 14:02:01:676 GMT+0530 (India Standard Time) -- Press Ctrl-C to exit



Sat Jul 20 2024 14:04:36:124 GMT+0530 (India Standard Time) -- [SUCCESS] You can now access your local server(s) in our remote browser

Sat Jul 20 2024 14:04:36:634 GMT+0530 (India Standard Time) -- Starting configuration console on http://localhost:45454
Sat Jul 20 2024 14:04:37:68 GMT+0530 (India Standard Time) -- Press Ctrl-C to exit



Sat Jul 20 2024 14:08:53:211 GMT+0530 (India Standard Time) -- [SUCCESS] You can now access your local server(s) in our remote browser

Sat Jul 20 2024 14:08:53:610 GMT+0530 (India Standard Time) -- Starting configuration console on http://localhost:45454
Sat Jul 20 2024 14:08:54:81 GMT+0530 (India Standard Time) -- Press Ctrl-C to exit



Sun Jul 21 2024 20:36:49:592 GMT+0530 (India Standard Time) -- [SUCCESS] You can now access your local server(s) in our remote browser

Sun Jul 21 2024 20:36:49:903 GMT+0530 (India Standard Time) -- Starting configuration console on http://localhost:45454
Sun Jul 21 2024 20:36:51:377 GMT+0530 (India Standard Time) -- Press Ctrl-C to exit



Sun Jul 21 2024 20:40:36:862 GMT+0530 (India Standard Time) -- [SUCCESS] You can now access your local server(s) in our remote browser

Sun Jul 21 2024 20:40:37:227 GMT+0530 (India Standard Time) -- Starting configuration console on http://localhost:45454
Sun Jul 21 2024 20:40:38:291 GMT+0530 (India Standard Time) -- Press Ctrl-C to exit



Sun Jul 21 2024 20:42:54:727 GMT+0530 (India Standard Time) -- Starting configuration console on http://localhost:45454
Sun Jul 21 2024 20:42:54:848 GMT+0530 (India Standard Time) -- [SUCCESS] You can now access your local server(s) in our remote browser

Sun Jul 21 2024 20:42:56:805 GMT+0530 (India Standard Time) -- Press Ctrl-C to exit



Sun Jul 21 2024 20:48:02:632 GMT+0530 (India Standard Time) -- [SUCCESS] You can now access your local server(s) in our remote browser

Sun Jul 21 2024 20:48:03:256 GMT+0530 (India Standard Time) -- Starting configuration console on http://localhost:45454
Sun Jul 21 2024 20:48:04:252 GMT+0530 (India Standard Time) -- Press Ctrl-C to exit



Sun Jul 21 2024 20:52:39:951 GMT+0530 (India Standard Time) -- [SUCCESS] You can now access your local server(s) in our remote browser

Sun Jul 21 2024 20:52:40:571 GMT+0530 (India Standard Time) -- Starting configuration console on http://localhost:45454
Sun Jul 21 2024 20:52:42:576 GMT+0530 (India Standard Time) -- Press Ctrl-C to exit



Sun Jul 21 2024 20:57:14:101 GMT+0530 (India Standard Time) -- [SUCCESS] You can now access your local server(s) in our remote browser

Sun Jul 21 2024 20:57:14:451 GMT+0530 (India Standard Time) -- Starting configuration console on http://localhost:45454
Sun Jul 21 2024 20:57:15:210 GMT+0530 (India Standard Time) -- Press Ctrl-C to exit



Sun Jul 21 2024 21:06:42:431 GMT+0530 (India Standard Time) -- [SUCCESS] You can now access your local server(s) in our remote browser

Sun Jul 21 2024 21:06:42:795 GMT+0530 (India Standard Time) -- Starting configuration console on http://localhost:45454
Sun Jul 21 2024 21:06:43:853 GMT+0530 (India Standard Time) -- Press Ctrl-C to exit



Mon Jul 22 2024 20:51:25:232 GMT+0530 (India Standard Time) -- Starting configuration console on http://localhost:45454
Mon Jul 22 2024 20:51:26:236 GMT+0530 (India Standard Time) -- [SUCCESS] You can now access your local server(s) in our remote browser

Mon Jul 22 2024 20:51:27:80 GMT+0530 (India Standard Time) -- Press Ctrl-C to exit



Mon Jul 22 2024 20:56:19:401 GMT+0530 (India Standard Time) -- [SUCCESS] You can now access your local server(s) in our remote browser

Mon Jul 22 2024 20:56:19:574 GMT+0530 (India Standard Time) -- Starting configuration console on http://localhost:45454
Mon Jul 22 2024 20:56:20:624 GMT+0530 (India Standard Time) -- Press Ctrl-C to exit



Mon Jul 22 2024 20:58:37:423 GMT+0530 (India Standard Time) -- [SUCCESS] You can now access your local server(s) in our remote browser

Mon Jul 22 2024 20:58:37:958 GMT+0530 (India Standard Time) -- Starting configuration console on http://localhost:45454
Mon Jul 22 2024 20:58:38:743 GMT+0530 (India Standard Time) -- Press Ctrl-C to exit



Mon Jul 22 2024 21:05:20:844 GMT+0530 (India Standard Time) -- [SUCCESS] You can now access your local server(s) in our remote browser

Mon Jul 22 2024 21:05:21:566 GMT+0530 (India Standard Time) -- Starting configuration console on http://localhost:45454
Mon Jul 22 2024 21:05:21:917 GMT+0530 (India Standard Time) -- Press Ctrl-C to exit



Mon Jul 22 2024 21:24:38:99 GMT+0530 (India Standard Time) -- [SUCCESS] You can now access your local server(s) in our remote browser

Mon Jul 22 2024 21:24:38:320 GMT+0530 (India Standard Time) -- Starting configuration console on http://localhost:45454
Mon Jul 22 2024 21:24:39:949 GMT+0530 (India Standard Time) -- Press Ctrl-C to exit



Mon Jul 22 2024 21:26:23:699 GMT+0530 (India Standard Time) -- [SUCCESS] You can now access your local server(s) in our remote browser

Mon Jul 22 2024 21:26:24:289 GMT+0530 (India Standard Time) -- Starting configuration console on http://localhost:45454
Mon Jul 22 2024 21:26:24:707 GMT+0530 (India Standard Time) -- Press Ctrl-C to exit



Mon Jul 22 2024 21:40:40:785 GMT+0530 (India Standard Time) -- [SUCCESS] You can now access your local server(s) in our remote browser

Mon Jul 22 2024 21:40:41:89 GMT+0530 (India Standard Time) -- Starting configuration console on http://localhost:45454
Mon Jul 22 2024 21:40:42:86 GMT+0530 (India Standard Time) -- Press Ctrl-C to exit



Mon Jul 22 2024 21:47:01:878 GMT+0530 (India Standard Time) -- [SUCCESS] You can now access your local server(s) in our remote browser

Mon Jul 22 2024 21:47:02:344 GMT+0530 (India Standard Time) -- Starting configuration console on http://localhost:45454
Mon Jul 22 2024 21:47:03:16 GMT+0530 (India Standard Time) -- Press Ctrl-C to exit



Mon Jul 22 2024 21:58:43:806 GMT+0530 (India Standard Time) -- [SUCCESS] You can now access your local server(s) in our remote browser

Mon Jul 22 2024 21:58:44:418 GMT+0530 (India Standard Time) -- Starting configuration console on http://localhost:45454
Mon Jul 22 2024 21:58:45:621 GMT+0530 (India Standard Time) -- Press Ctrl-C to exit



Mon Jul 22 2024 22:11:17:111 GMT+0530 (India Standard Time) -- [SUCCESS] You can now access your local server(s) in our remote browser

Mon Jul 22 2024 22:11:17:131 GMT+0530 (India Standard Time) -- Starting configuration console on http://localhost:45454
Mon Jul 22 2024 22:11:18:425 GMT+0530 (India Standard Time) -- Press Ctrl-C to exit



Mon Jul 22 2024 22:18:17:586 GMT+0530 (India Standard Time) -- Starting configuration console on http://localhost:45454
Mon Jul 22 2024 22:18:18:161 GMT+0530 (India Standard Time) -- [SUCCESS] You can now access your local server(s) in our remote browser

Mon Jul 22 2024 22:18:19:96 GMT+0530 (India Standard Time) -- Press Ctrl-C to exit



Mon Jul 22 2024 22:20:51:636 GMT+0530 (India Standard Time) -- [SUCCESS] You can now access your local server(s) in our remote browser

Mon Jul 22 2024 22:20:52:198 GMT+0530 (India Standard Time) -- Starting configuration console on http://localhost:45454
Mon Jul 22 2024 22:20:52:412 GMT+0530 (India Standard Time) -- Press Ctrl-C to exit



Tue Jul 23 2024 12:38:12:183 GMT+0530 (India Standard Time) -- Starting configuration console on http://localhost:45454
Tue Jul 23 2024 12:38:12:896 GMT+0530 (India Standard Time) -- [SUCCESS] You can now access your local server(s) in our remote browser

Tue Jul 23 2024 12:38:13:665 GMT+0530 (India Standard Time) -- Press Ctrl-C to exit



Tue Jul 23 2024 12:41:01:467 GMT+0530 (India Standard Time) -- [SUCCESS] You can now access your local server(s) in our remote browser

Tue Jul 23 2024 12:41:02:262 GMT+0530 (India Standard Time) -- Starting configuration console on http://localhost:45454
Tue Jul 23 2024 12:41:03:87 GMT+0530 (India Standard Time) -- Press Ctrl-C to exit



Tue Jul 23 2024 12:42:23:774 GMT+0530 (India Standard Time) -- [SUCCESS] You can now access your local server(s) in our remote browser

Tue Jul 23 2024 12:42:24:347 GMT+0530 (India Standard Time) -- Starting configuration console on http://localhost:45454
Tue Jul 23 2024 12:42:24:405 GMT+0530 (India Standard Time) -- Press Ctrl-C to exit



Tue Jul 23 2024 12:46:37:405 GMT+0530 (India Standard Time) -- [SUCCESS] You can now access your local server(s) in our remote browser

Tue Jul 23 2024 12:46:37:960 GMT+0530 (India Standard Time) -- Starting configuration console on http://localhost:45454
Tue Jul 23 2024 12:46:40:185 GMT+0530 (India Standard Time) -- Press Ctrl-C to exit



Tue Jul 23 2024 12:48:57:131 GMT+0530 (India Standard Time) -- [SUCCESS] You can now access your local server(s) in our remote browser

Tue Jul 23 2024 12:48:57:547 GMT+0530 (India Standard Time) -- Starting configuration console on http://localhost:45454
Tue Jul 23 2024 12:48:58:679 GMT+0530 (India Standard Time) -- Press Ctrl-C to exit



Tue Jul 23 2024 12:51:36:899 GMT+0530 (India Standard Time) -- [SUCCESS] You can now access your local server(s) in our remote browser

Tue Jul 23 2024 12:51:37:464 GMT+0530 (India Standard Time) -- Press Ctrl-C to exit


Tue Jul 23 2024 12:51:37:468 GMT+0530 (India Standard Time) -- Starting configuration console on http://localhost:45454

Tue Jul 23 2024 12:55:22:355 GMT+0530 (India Standard Time) -- [SUCCESS] You can now access your local server(s) in our remote browser

Tue Jul 23 2024 12:55:22:847 GMT+0530 (India Standard Time) -- Starting configuration console on http://localhost:45454
Tue Jul 23 2024 12:55:26:247 GMT+0530 (India Standard Time) -- Press Ctrl-C to exit



Tue Jul 23 2024 12:58:23:980 GMT+0530 (India Standard Time) -- [SUCCESS] You can now access your local server(s) in our remote browser

Tue Jul 23 2024 12:58:24:488 GMT+0530 (India Standard Time) -- Starting configuration console on http://localhost:45454
Tue Jul 23 2024 12:58:25:876 GMT+0530 (India Standard Time) -- Press Ctrl-C to exit



Tue Jul 23 2024 13:01:07:368 GMT+0530 (India Standard Time) -- [SUCCESS] You can now access your local server(s) in our remote browser

Tue Jul 23 2024 13:01:07:943 GMT+0530 (India Standard Time) -- Starting configuration console on http://localhost:45454
Tue Jul 23 2024 13:01:08:589 GMT+0530 (India Standard Time) -- Press Ctrl-C to exit



Tue Jul 23 2024 13:17:21:706 GMT+0530 (India Standard Time) -- [SUCCESS] You can now access your local server(s) in our remote browser

Tue Jul 23 2024 13:17:22:272 GMT+0530 (India Standard Time) -- Starting configuration console on http://localhost:45454
Tue Jul 23 2024 13:17:23:5 GMT+0530 (India Standard Time) -- Press Ctrl-C to exit



Tue Jul 23 2024 13:39:37:626 GMT+0530 (India Standard Time) -- [SUCCESS] You can now access your local server(s) in our remote browser

Tue Jul 23 2024 13:39:38:123 GMT+0530 (India Standard Time) -- Starting configuration console on http://localhost:45454
Tue Jul 23 2024 13:39:39:722 GMT+0530 (India Standard Time) -- Press Ctrl-C to exit



Tue Jul 23 2024 17:36:30:256 GMT+0530 (India Standard Time) -- [SUCCESS] You can now access your local server(s) in our remote browser

Tue Jul 23 2024 17:36:30:383 GMT+0530 (India Standard Time) -- Starting configuration console on http://localhost:45454
Tue Jul 23 2024 17:36:31:898 GMT+0530 (India Standard Time) -- Press Ctrl-C to exit



Tue Jul 23 2024 17:55:00:83 GMT+0530 (India Standard Time) -- [SUCCESS] You can now access your local server(s) in our remote browser

Tue Jul 23 2024 17:55:00:225 GMT+0530 (India Standard Time) -- Starting configuration console on http://localhost:45454
Tue Jul 23 2024 17:55:02:50 GMT+0530 (India Standard Time) -- Press Ctrl-C to exit



Tue Jul 23 2024 17:57:28:150 GMT+0530 (India Standard Time) -- [SUCCESS] You can now access your local server(s) in our remote browser

Tue Jul 23 2024 17:57:28:692 GMT+0530 (India Standard Time) -- Starting configuration console on http://localhost:45454
Tue Jul 23 2024 17:57:29:248 GMT+0530 (India Standard Time) -- Press Ctrl-C to exit



Tue Jul 23 2024 17:59:51:535 GMT+0530 (India Standard Time) -- [SUCCESS] You can now access your local server(s) in our remote browser

Tue Jul 23 2024 17:59:52:235 GMT+0530 (India Standard Time) -- Starting configuration console on http://localhost:45454
Tue Jul 23 2024 17:59:52:498 GMT+0530 (India Standard Time) -- Press Ctrl-C to exit



Tue Jul 23 2024 18:29:40:87 GMT+0530 (India Standard Time) -- Starting configuration console on http://localhost:45454
Tue Jul 23 2024 18:29:40:198 GMT+0530 (India Standard Time) -- [SUCCESS] You can now access your local server(s) in our remote browser

Tue Jul 23 2024 18:29:41:803 GMT+0530 (India Standard Time) -- Press Ctrl-C to exit



Tue Jul 23 2024 18:51:16:445 GMT+0530 (India Standard Time) -- [SUCCESS] You can now access your local server(s) in our remote browser

Tue Jul 23 2024 18:51:16:649 GMT+0530 (India Standard Time) -- Starting configuration console on http://localhost:45454
Tue Jul 23 2024 18:51:17:825 GMT+0530 (India Standard Time) -- Press Ctrl-C to exit



Tue Jul 23 2024 19:10:18:398 GMT+0530 (India Standard Time) -- [SUCCESS] You can now access your local server(s) in our remote browser

Tue Jul 23 2024 19:10:18:470 GMT+0530 (India Standard Time) -- Starting configuration console on http://localhost:45454
Tue Jul 23 2024 19:10:21:249 GMT+0530 (India Standard Time) -- Press Ctrl-C to exit



Tue Jul 23 2024 21:36:56:425 GMT+0530 (India Standard Time) -- [SUCCESS] You can now access your local server(s) in our remote browser

Tue Jul 23 2024 21:36:56:993 GMT+0530 (India Standard Time) -- Starting configuration console on http://localhost:45454
Tue Jul 23 2024 21:36:57:686 GMT+0530 (India Standard Time) -- Press Ctrl-C to exit



Tue Jul 23 2024 21:41:55:813 GMT+0530 (India Standard Time) -- [SUCCESS] You can now access your local server(s) in our remote browser

Tue Jul 23 2024 21:41:56:93 GMT+0530 (India Standard Time) -- Press Ctrl-C to exit


Tue Jul 23 2024 21:41:56:674 GMT+0530 (India Standard Time) -- Starting configuration console on http://localhost:45454

Tue Jul 23 2024 21:54:54:564 GMT+0530 (India Standard Time) -- [SUCCESS] You can now access your local server(s) in our remote browser

Tue Jul 23 2024 21:54:54:964 GMT+0530 (India Standard Time) -- Press Ctrl-C to exit


Tue Jul 23 2024 21:54:55:320 GMT+0530 (India Standard Time) -- Starting configuration console on http://localhost:45454

Tue Jul 23 2024 22:07:51:524 GMT+0530 (India Standard Time) -- [SUCCESS] You can now access your local server(s) in our remote browser

Tue Jul 23 2024 22:07:52:15 GMT+0530 (India Standard Time) -- Starting configuration console on http://localhost:45454
Tue Jul 23 2024 22:07:52:838 GMT+0530 (India Standard Time) -- Press Ctrl-C to exit



Tue Jul 23 2024 22:22:32:927 GMT+0530 (India Standard Time) -- [SUCCESS] You can now access your local server(s) in our remote browser

Tue Jul 23 2024 22:22:33:243 GMT+0530 (India Standard Time) -- Starting configuration console on http://localhost:45454
Tue Jul 23 2024 22:22:34:161 GMT+0530 (India Standard Time) -- Press Ctrl-C to exit



Tue Jul 23 2024 22:24:54:512 GMT+0530 (India Standard Time) -- [SUCCESS] You can now access your local server(s) in our remote browser

Tue Jul 23 2024 22:24:54:542 GMT+0530 (India Standard Time) -- Press Ctrl-C to exit


Tue Jul 23 2024 22:24:54:665 GMT+0530 (India Standard Time) -- Starting configuration console on http://localhost:45454

Tue Jul 23 2024 22:27:31:330 GMT+0530 (India Standard Time) -- [SUCCESS] You can now access your local server(s) in our remote browser

Tue Jul 23 2024 22:27:31:346 GMT+0530 (India Standard Time) -- Press Ctrl-C to exit


Tue Jul 23 2024 22:27:31:588 GMT+0530 (India Standard Time) -- Starting configuration console on http://localhost:45454

Tue Jul 23 2024 22:34:22:707 GMT+0530 (India Standard Time) -- [SUCCESS] You can now access your local server(s) in our remote browser

Tue Jul 23 2024 22:34:23:200 GMT+0530 (India Standard Time) -- Starting configuration console on http://localhost:45454
Tue Jul 23 2024 22:34:23:785 GMT+0530 (India Standard Time) -- Press Ctrl-C to exit



Tue Jul 23 2024 22:35:07:575 GMT+0530 (India Standard Time) -- [SUCCESS] You can now access your local server(s) in our remote browser

Tue Jul 23 2024 22:35:07:608 GMT+0530 (India Standard Time) -- Press Ctrl-C to exit


Tue Jul 23 2024 22:35:08:193 GMT+0530 (India Standard Time) -- Starting configuration console on http://localhost:45454

Tue Jul 23 2024 22:36:30:981 GMT+0530 (India Standard Time) -- [SUCCESS] You can now access your local server(s) in our remote browser

Tue Jul 23 2024 22:36:31:32 GMT+0530 (India Standard Time) -- Press Ctrl-C to exit


Tue Jul 23 2024 22:36:31:549 GMT+0530 (India Standard Time) -- Starting configuration console on http://localhost:45454

Tue Jul 23 2024 22:43:44:757 GMT+0530 (India Standard Time) -- [SUCCESS] You can now access your local server(s) in our remote browser

Tue Jul 23 2024 22:43:44:902 GMT+0530 (India Standard Time) -- Starting configuration console on http://localhost:45454
Tue Jul 23 2024 22:43:45:920 GMT+0530 (India Standard Time) -- Press Ctrl-C to exit



Tue Jul 23 2024 22:44:30:111 GMT+0530 (India Standard Time) -- Starting configuration console on http://localhost:45454
Tue Jul 23 2024 22:44:30:327 GMT+0530 (India Standard Time) -- [SUCCESS] You can now access your local server(s) in our remote browser

Tue Jul 23 2024 22:44:30:373 GMT+0530 (India Standard Time) -- Press Ctrl-C to exit



Tue Jul 23 2024 22:51:46:863 GMT+0530 (India Standard Time) -- Starting configuration console on http://localhost:45454
Tue Jul 23 2024 22:51:47:209 GMT+0530 (India Standard Time) -- [SUCCESS] You can now access your local server(s) in our remote browser

Tue Jul 23 2024 22:51:48:837 GMT+0530 (India Standard Time) -- Press Ctrl-C to exit



Tue Jul 23 2024 22:54:04:774 GMT+0530 (India Standard Time) -- [SUCCESS] You can now access your local server(s) in our remote browser

Tue Jul 23 2024 22:54:04:837 GMT+0530 (India Standard Time) -- Press Ctrl-C to exit


Tue Jul 23 2024 22:54:05:604 GMT+0530 (India Standard Time) -- Starting configuration console on http://localhost:45454

Tue Jul 23 2024 22:57:34:189 GMT+0530 (India Standard Time) -- [SUCCESS] You can now access your local server(s) in our remote browser

Tue Jul 23 2024 22:57:34:377 GMT+0530 (India Standard Time) -- Starting configuration console on http://localhost:45454
Tue Jul 23 2024 22:57:34:511 GMT+0530 (India Standard Time) -- Press Ctrl-C to exit



Tue Jul 23 2024 23:02:57:236 GMT+0530 (India Standard Time) -- Starting configuration console on http://localhost:45454
Tue Jul 23 2024 23:02:57:309 GMT+0530 (India Standard Time) -- [SUCCESS] You can now access your local server(s) in our remote browser

Tue Jul 23 2024 23:02:58:198 GMT+0530 (India Standard Time) -- Press Ctrl-C to exit



Tue Jul 23 2024 23:03:59:203 GMT+0530 (India Standard Time) -- [SUCCESS] You can now access your local server(s) in our remote browser

Tue Jul 23 2024 23:03:59:301 GMT+0530 (India Standard Time) -- Press Ctrl-C to exit


Tue Jul 23 2024 23:03:59:797 GMT+0530 (India Standard Time) -- Starting configuration console on http://localhost:45454

Tue Jul 23 2024 23:07:12:481 GMT+0530 (India Standard Time) -- Starting configuration console on http://localhost:45454
Tue Jul 23 2024 23:07:13:685 GMT+0530 (India Standard Time) -- [SUCCESS] You can now access your local server(s) in our remote browser

Tue Jul 23 2024 23:07:13:778 GMT+0530 (India Standard Time) -- Press Ctrl-C to exit



Tue Jul 23 2024 23:12:34:87 GMT+0530 (India Standard Time) -- [SUCCESS] You can now access your local server(s) in our remote browser

Tue Jul 23 2024 23:12:34:340 GMT+0530 (India Standard Time) -- Starting configuration console on http://localhost:45454
Tue Jul 23 2024 23:12:35:101 GMT+0530 (India Standard Time) -- Press Ctrl-C to exit



Tue Jul 23 2024 23:16:40:267 GMT+0530 (India Standard Time) -- [SUCCESS] You can now access your local server(s) in our remote browser

Tue Jul 23 2024 23:16:40:372 GMT+0530 (India Standard Time) -- Press Ctrl-C to exit


Tue Jul 23 2024 23:16:40:378 GMT+0530 (India Standard Time) -- Starting configuration console on http://localhost:45454

Tue Jul 23 2024 23:19:31:899 GMT+0530 (India Standard Time) -- Starting configuration console on http://localhost:45454
Tue Jul 23 2024 23:19:40:949 GMT+0530 (India Standard Time) --  *** Error: Could not connect to local.browserstack.com due to Network issues. Please check your internet connection or if you are behind proxy please use our proxy options. For more details https://www.browserstack.com/local-testing#modifiers
Tue Jul 23 2024 23:19:40:950 GMT+0530 (India Standard Time) -- You can learn more about BrowserStack Binary flags by running BrowserStackLocal.exe --help

Tue Jul 23 2024 23:20:14:108 GMT+0530 (India Standard Time) -- [SUCCESS] You can now access your local server(s) in our remote browser

Tue Jul 23 2024 23:20:14:422 GMT+0530 (India Standard Time) -- Starting configuration console on http://localhost:45454
Tue Jul 23 2024 23:20:14:947 GMT+0530 (India Standard Time) -- Press Ctrl-C to exit



Tue Jul 23 2024 23:25:38:269 GMT+0530 (India Standard Time) -- Starting configuration console on http://localhost:45454
Tue Jul 23 2024 23:25:38:516 GMT+0530 (India Standard Time) -- [SUCCESS] You can now access your local server(s) in our remote browser

Tue Jul 23 2024 23:25:40:500 GMT+0530 (India Standard Time) -- Press Ctrl-C to exit



Tue Jul 23 2024 23:32:40:185 GMT+0530 (India Standard Time) -- [SUCCESS] You can now access your local server(s) in our remote browser

Tue Jul 23 2024 23:32:40:222 GMT+0530 (India Standard Time) -- Starting configuration console on http://localhost:45454
Tue Jul 23 2024 23:32:40:824 GMT+0530 (India Standard Time) -- Press Ctrl-C to exit



Tue Jul 23 2024 23:34:43:469 GMT+0530 (India Standard Time) -- [SUCCESS] You can now access your local server(s) in our remote browser

Tue Jul 23 2024 23:34:43:531 GMT+0530 (India Standard Time) -- Press Ctrl-C to exit


Tue Jul 23 2024 23:34:43:811 GMT+0530 (India Standard Time) -- Starting configuration console on http://localhost:45454

Tue Jul 23 2024 23:40:13:267 GMT+0530 (India Standard Time) -- Starting configuration console on http://localhost:45454
Tue Jul 23 2024 23:40:13:328 GMT+0530 (India Standard Time) -- [SUCCESS] You can now access your local server(s) in our remote browser

Tue Jul 23 2024 23:40:13:859 GMT+0530 (India Standard Time) -- Press Ctrl-C to exit


